This is pdfeTeX, Version 3.141592-1.21a-2.2 (Web2C 7.5.4) (format=pdflatex 2007.4.27)  30 AUG 2007 05:47
entering extended mode
**result.tex
(./result.tex
LaTeX2e <2003/12/01>
Babel <v3.8d> and hyphenation patterns for american, french, german, ngerman, b
ahasa, basque, bulgarian, catalan, croatian, czech, danish, dutch, esperanto, e
stonian, finnish, greek, icelandic, irish, italian, latin, magyar, norsk, polis
h, portuges, romanian, russian, serbian, slovak, slovene, spanish, swedish, tur
kish, ukrainian, nohyphenation, loaded.
(/usr/share/texmf-tetex/tex/latex/base/article.cls
Document Class: article 2004/02/16 v1.4f Standard LaTeX document class
(/usr/share/texmf-tetex/tex/latex/base/size10.clo
File: size10.clo 2004/02/16 v1.4f Standard LaTeX file (size option)
)
\c@part=\count79
\c@section=\count80
\c@subsection=\count81
\c@subsubsection=\count82
\c@paragraph=\count83
\c@subparagraph=\count84
\c@figure=\count85
\c@table=\count86
\abovecaptionskip=\skip41
\belowcaptionskip=\skip42
\bibindent=\dimen102
) (./result.aux)
\openout1 = `result.aux'.

LaTeX Font Info:    Checking defaults for OML/cmm/m/it on input line 3.
LaTeX Font Info:    ... okay on input line 3.
LaTeX Font Info:    Checking defaults for T1/cmr/m/n on input line 3.
LaTeX Font Info:    ... okay on input line 3.
LaTeX Font Info:    Checking defaults for OT1/cmr/m/n on input line 3.
LaTeX Font Info:    ... okay on input line 3.
LaTeX Font Info:    Checking defaults for OMS/cmsy/m/n on input line 3.
LaTeX Font Info:    ... okay on input line 3.
LaTeX Font Info:    Checking defaults for OMX/cmex/m/n on input line 3.
LaTeX Font Info:    ... okay on input line 3.
LaTeX Font Info:    Checking defaults for U/cmr/m/n on input line 3.
LaTeX Font Info:    ... okay on input line 3.
LaTeX Font Info:    External font `cmex10' loaded for size
(Font)              <7> on input line 6.
LaTeX Font Info:    External font `cmex10' loaded for size
(Font)              <5> on input line 6.

Overfull \hbox (8.78683pt too wide) in paragraph at lines 6--134
[]$[] \OT1/cmr/m/n/10 + [] +
 []


Overfull \hbox (88.23453pt too wide) in paragraph at lines 6--134
[] \OT1/cmr/m/n/10 + [] +
 []


Overfull \hbox (32.90257pt too wide) in paragraph at lines 6--134
[] \OMS/cmsy/m/n/10 ^^@ [] ^^@
 []


Overfull \hbox (25.683pt too wide) in paragraph at lines 6--134
[] \OT1/cmr/m/n/10 + [] \OMS/cmsy/m/n/10 ^^@
 []


Overfull \hbox (22.50075pt too wide) in paragraph at lines 6--134
[] \OT1/cmr/m/n/10 + [] +
 []


Overfull \hbox (62.5625pt too wide) in paragraph at lines 6--134
[] \OT1/cmr/m/n/10 + [] \OMS/cmsy/m/n/10 ^^@
 []


Overfull \hbox (25.15137pt too wide) in paragraph at lines 6--134
[] \OMS/cmsy/m/n/10 ^^@ [] ^^@
 []


Overfull \hbox (172.77858pt too wide) in paragraph at lines 6--134
[] \OMS/cmsy/m/n/10 ^^@ [] ^^@ [] \OT1/cmr/m/n/10 +
 []


Overfull \hbox (146.04065pt too wide) in paragraph at lines 6--134
[] \OMS/cmsy/m/n/10 ^^@ [][] \OT1/cmr/m/n/10 +
 []


Overfull \hbox (335.39517pt too wide) in paragraph at lines 6--134
[][] \OT1/cmr/m/n/10 + [][] +
 []


Overfull \hbox (300.72568pt too wide) in paragraph at lines 6--134
[][] \OMS/cmsy/m/n/10 ^^@ [][] \OT1/cmr/m/n/10 +
 []


Overfull \hbox (291.80183pt too wide) in paragraph at lines 6--134
[][] \OMS/cmsy/m/n/10 ^^@ [][] ^^@
 []


Overfull \hbox (298.88974pt too wide) in paragraph at lines 6--134
[][] \OMS/cmsy/m/n/10 ^^@ \OT1/cmr/m/n/10 2  [][] \OMS/cmsy/m/n/10 ^^@
 []


Overfull \hbox (292.64563pt too wide) in paragraph at lines 6--134
[][] \OMS/cmsy/m/n/10 ^^@ [][] ^^@
 []


Overfull \hbox (187.6227pt too wide) in paragraph at lines 6--134
[][] \OMS/cmsy/m/n/10 ^^@ [][] \OT1/cmr/m/n/10 +
 []


Overfull \hbox (165.51926pt too wide) in paragraph at lines 6--134
\OT1/cmr/m/n/10 3  [][] + [][] +
 []


Overfull \hbox (175.5129pt too wide) in paragraph at lines 6--134
[][] \OT1/cmr/m/n/10 + [][] \OMS/cmsy/m/n/10 ^^@
 []


Overfull \hbox (105.07867pt too wide) in paragraph at lines 6--134
[][] \OT1/cmr/m/n/10 + [][] +
 []


Overfull \hbox (120.5265pt too wide) in paragraph at lines 6--134
[][] \OMS/cmsy/m/n/10 ^^@ \OT1/cmr/m/n/10 2  [][]$ 
 []

[1

{/var/lib/texmf/fonts/map/pdftex/updmap/pdftex.map}] (./result.aux) ) 
Here is how much of TeX's memory you used:
 208 strings out of 94500
 2188 string characters out of 1175788
 66348 words of memory out of 1000000
 3460 multiletter control sequences out of 10000+50000
 4684 words of font info for 17 fonts, out of 500000 for 2000
 580 hyphenation exceptions out of 8191
 23i,8n,17p,114b,107s stack positions out of 1500i,500n,5000p,200000b,5000s
PDF statistics:
 34 PDF objects out of 300000
 0 named destinations out of 131072
 1 words of extra memory for PDF output out of 65536
</usr/shar
e/texmf-tetex/fonts/type1/bluesky/cm/cmex10.pfb></usr/share/texmf-tetex/fonts/t
ype1/bluesky/cm/cmti10.pfb></usr/share/texmf-tetex/fonts/type1/bluesky/cm/cmmi1
0.pfb></usr/share/texmf-tetex/fonts/type1/bluesky/cm/cmti7.pfb></usr/share/texm
f-tetex/fonts/type1/bluesky/cm/cmsy10.pfb></usr/share/texmf-tetex/fonts/type1/b
luesky/cm/cmmi5.pfb></usr/share/texmf-tetex/fonts/type1/bluesky/cm/cmr7.pfb></u
sr/share/texmf-tetex/fonts/type1/bluesky/cm/cmr5.pfb></usr/share/texmf-tetex/fo
nts/type1/bluesky/cm/cmmi7.pfb></usr/share/texmf-tetex/fonts/type1/bluesky/cm/c
mr10.pfb>
Output written on result.pdf (1 page, 35799 bytes).
